app/build/outputs/mapping/release/seeds.txt
app.vercel.quran_app_z.DelegationService
app.vercel.quran_app_z.LauncherActivity
app.vercel.quran_app_z.Application
app.vercel.quran_app_z.LauncherActivity: LauncherActivity()
app.vercel.quran_app_z.Application: Application()
app.vercel.quran_app_z.DelegationService: DelegationService()
...
android.support.v4.app.RemoteActionCompatParcelizer
com.google.androidbrowserhelper.trusted.FocusActivity
androidx.core.app.RemoteActionCompat
android.support.v4.graphics.drawable.IconCompatParcelizer
androidx.core.graphics.drawable.IconCompatParcelizer
androidx.browser.browseractions.BrowserActionsFallbackMenuView
androidx.core.graphics.drawable.IconCompat
androidx.core.app.CoreComponentFactory
androidx.versionedparcelable.ParcelImpl
androidx.lifecycle.SingleGeneratedAdapterObserver
com.google.androidbrowserhelper.trusted.ManageDataLauncherActivity
androidx.core.content.FileProvider
com.google.androidbrowserhelper.trusted.NotificationPermissionRequestActivity
androidx.lifecycle.ReflectiveGenericLifecycleObserver
androidx.versionedparcelable.CustomVersionedParcelable
androidx.lifecycle.FullLifecycleObserverAdapter
com.google.androidbrowserhelper.trusted.WebViewFallbackActivity
androidx.lifecycle.CompositeGeneratedAdaptersObserver
androidx.annotation.Keep
androidx.core.app.RemoteActionCompatParcelizer
androidx.versionedparcelable.ParcelImpl: android.os.Parcelable$Creator CREATOR
androidx.core.graphics.drawable.IconCompat: IconCompat()
androidx.core.content.FileProvider: FileProvider()
android.support.v4.graphics.drawable.IconCompatParcelizer: androidx.core.graphics.drawable.IconCompat read(androidx.versionedparcelable.VersionedParcel)
com.google.androidbrowserhelper.trusted.NotificationPermissionRequestActivity: NotificationPermissionRequestActivity()
androidx.browser.browseractions.BrowserActionsFallbackMenuView: BrowserActionsFallbackMenuView(android.content.Context,android.util.AttributeSet)
androidx.core.app.RemoteActionCompat: RemoteActionCompat()
androidx.versionedparcelable.CustomVersionedParcelable: CustomVersionedParcelable()
androidx.core.app.RemoteActionCompatParcelizer: RemoteActionCompatParcelizer()
android.support.v4.app.RemoteActionCompatParcelizer: void write(androidx.core.app.RemoteActionCompat,androidx.versionedparcelable.VersionedParcel)
android.support.v4.graphics.drawable.IconCompatParcelizer: IconCompatParcelizer()
androidx.core.graphics.drawable.IconCompatParcelizer: androidx.core.graphics.drawable.IconCompat read(androidx.versionedparcelable.VersionedParcel)
android.support.v4.app.RemoteActionCompatParcelizer: androidx.core.app.RemoteActionCompat read(androidx.versionedparcelable.VersionedParcel)
com.google.androidbrowserhelper.trusted.WebViewFallbackActivity: WebViewFallbackActivity()
androidx.core.graphics.drawable.IconCompatParcelizer: IconCompatParcelizer()
androidx.core.app.CoreComponentFactory: CoreComponentFactory()
android.support.v4.app.RemoteActionCompatParcelizer: RemoteActionCompatParcelizer()
com.google.androidbrowserhelper.trusted.FocusActivity: FocusActivity()
android.support.v4.graphics.drawable.IconCompatParcelizer: void write(androidx.core.graphics.drawable.IconCompat,androidx.versionedparcelable.VersionedParcel)
com.google.androidbrowserhelper.trusted.ManageDataLauncherActivity: ManageDataLauncherActivity()
androidx.core.app.RemoteActionCompatParcelizer: void write(androidx.core.app.RemoteActionCompat,androidx.versionedparcelable.VersionedParcel)
androidx.core.app.RemoteActionCompatParcelizer: androidx.core.app.RemoteActionCompat read(androidx.versionedparcelable.VersionedParcel)
androidx.core.graphics.drawable.IconCompatParcelizer: void write(androidx.core.graphics.drawable.IconCompat,androidx.versionedparcelable.VersionedParcel)