app/build/outputs/mapping/release/mapping.txt
# compiler: R8
# compiler_version: 8.1.65
# min_api: 19
# common_typos_disable
# {"id":"com.android.tools.r8.mapping","version":"2.2"}
# pg_map_id: f1652aa
# pg_map_hash: SHA-256 f1652aa8894d8f2114b443e865d04c6608a25be8439a5b6d35d60018ac58eef7
app.vercel.quran_app_z.LauncherActivity -> app.vercel.quran_app_z.LauncherActivity:
    1:1:android.net.Uri getLaunchingUrl():0:0 -> h
...
androidx.core.content.FileProvider$SimplePathStrategy -> androidx.core.content.FileProvider$b:
    java.lang.String mAuthority -> a
    java.util.HashMap mRoots -> b
    1:1:java.io.File getFileForUri(android.net.Uri):0:0 -> a
    1:1:android.net.Uri getUriForFile(java.io.File):0:0 -> b
    1:1:void addRoot(java.lang.String,java.io.File):0:0 -> c
androidx.core.graphics.drawable.DrawableCompat -> j.a:
    1:1:android.graphics.drawable.Drawable wrap(android.graphics.drawable.Drawable):0:0 -> a
androidx.core.graphics.drawable.IconCompat -> androidx.core.graphics.drawable.IconCompat:
    int mType -> a
    java.lang.Object mObj1 -> b
    byte[] mData -> c
    android.os.Parcelable mParcelable -> d
    int mInt1 -> e
    int mInt2 -> f
    android.content.res.ColorStateList mTintList -> g
    android.graphics.PorterDuff$Mode mTintMode -> h
    java.lang.String mTintModeStr -> i
    android.graphics.PorterDuff$Mode DEFAULT_TINT_MODE -> j
    1:1:int getResId():0:0 -> a
    1:1:int getResId(android.graphics.drawable.Icon):0:0 -> b
    1:1:java.lang.String getResPackage():0:0 -> c
    1:1:java.lang.String getResPackage(android.graphics.drawable.Icon):0:0 -> d
    1:1:void onPostParceling():0:0 -> e
    1:1:void onPreParceling(boolean):0:0 -> f
    1:1:java.lang.String typeToString(int):0:0 -> g
androidx.core.graphics.drawable.IconCompat$$ExternalSyntheticApiModelOutline0 -> j.b:
# {"id":"sourceFile","fileName":"R8$$SyntheticClass"}
# {"id":"com.android.tools.r8.synthesized"}
    1:1:android.graphics.drawable.Icon androidx.core.graphics.drawable.IconCompat$$InternalSyntheticApiModelOutline$1$768d9295530b31275a4209857f9c27281769b43b90394202b8cf10a0307e2b50$0.m(java.lang.Object):0:0 -> a
      # {"id":"com.android.tools.r8.synthesized"}
androidx.core.graphics.drawable.IconCompat$$ExternalSyntheticApiModelOutline1 -> j.c:
# {"id":"sourceFile","fileName":"R8$$SyntheticClass"}
# {"id":"com.android.tools.r8.synthesized"}
    1:1:java.lang.String androidx.core.graphics.drawable.IconCompat$$InternalSyntheticApiModelOutline$2$43c6870042a256b8fdaf0bee2c631ee637a4382339f129b53f8a215161c80724$0.m(android.graphics.drawable.Icon):0:0 -> a
      # {"id":"com.android.tools.r8.synthesized"}
androidx.core.graphics.drawable.IconCompat$$ExternalSyntheticApiModelOutline2 -> j.d:
# {"id":"sourceFile","fileName":"R8$$SyntheticClass"}
# {"id":"com.android.tools.r8.synthesized"}
    1:1:int androidx.core.graphics.drawable.IconCompat$$InternalSyntheticApiModelOutline$2$5b7c19e7c013f34c5abd67588ad465a24666f763b1606f8e744408a3f837b365$0.m(android.graphics.drawable.Icon):0:0 -> a
      # {"id":"com.android.tools.r8.synthesized"}
androidx.core.graphics.drawable.TintAwareDrawable -> j.e: