app/build/outputs/mapping/release/usage.txt
app.vercel.quran_app_z.R$bool
app.vercel.quran_app_z.R$color
app.vercel.quran_app_z.R$drawable
app.vercel.quran_app_z.R$integer
app.vercel.quran_app_z.R$mipmap
app.vercel.quran_app_z.R$raw
app.vercel.quran_app_z.R$string
app.vercel.quran_app_z.R$xml
app.vercel.quran_app_z.R
...
androidx.core.util.Pools
androidx.core.util.Preconditions
androidx.core.util.Supplier
androidx.core.util.TimeUtils
androidx.core.view.AccessibilityDelegateCompat$AccessibilityDelegateAdapter
androidx.core.view.AccessibilityDelegateCompat
androidx.core.view.ActionProvider$SubUiVisibilityListener
androidx.core.view.ActionProvider$VisibilityListener
androidx.core.view.ActionProvider
androidx.core.view.DisplayCutoutCompat
androidx.core.view.DragAndDropPermissionsCompat
androidx.core.view.DragStartHelper$1
androidx.core.view.DragStartHelper$2
androidx.core.view.DragStartHelper$OnDragStartListener
androidx.core.view.DragStartHelper
androidx.core.view.GestureDetectorCompat$GestureDetectorCompatImpl
androidx.core.view.GestureDetectorCompat$GestureDetectorCompatImplBase$GestureHandler
androidx.core.view.GestureDetectorCompat$GestureDetectorCompatImplBase
androidx.core.view.GestureDetectorCompat$GestureDetectorCompatImplJellybeanMr2
androidx.core.view.GestureDetectorCompat
androidx.core.view.GravityCompat
androidx.core.view.InputDeviceCompat
androidx.core.view.KeyEventDispatcher$Component
androidx.core.view.KeyEventDispatcher
androidx.core.view.LayoutInflaterCompat$Factory2Wrapper
androidx.core.view.LayoutInflaterCompat
androidx.core.view.LayoutInflaterFactory
androidx.core.view.MarginLayoutParamsCompat
androidx.core.view.MenuCompat
androidx.core.view.MenuItemCompat$1
androidx.core.view.MenuItemCompat$OnActionExpandListener
androidx.core.view.MenuItemCompat
androidx.core.view.MotionEventCompat
androidx.core.view.NestedScrollingChild2
androidx.core.view.NestedScrollingChild3
androidx.core.view.NestedScrollingChild
androidx.core.view.NestedScrollingChildHelper
androidx.core.view.NestedScrollingParent2
androidx.core.view.NestedScrollingParent3
androidx.core.view.NestedScrollingParent
androidx.core.view.NestedScrollingParentHelper
androidx.core.view.OnApplyWindowInsetsListener
androidx.core.view.OneShotPreDrawListener
androidx.core.view.PointerIconCompat
androidx.core.view.ScaleGestureDetectorCompat
androidx.core.view.ScrollingView
androidx.core.view.TintableBackgroundView
androidx.core.view.VelocityTrackerCompat
androidx.core.view.ViewCompat$1
androidx.core.view.ViewCompat$2
androidx.core.view.ViewCompat$3
androidx.core.view.ViewCompat$4
androidx.core.view.ViewCompat$5
androidx.core.view.ViewCompat$AccessibilityPaneVisibilityManager
androidx.core.view.ViewCompat$AccessibilityViewProperty
androidx.core.view.ViewCompat$FocusDirection
androidx.core.view.ViewCompat$FocusRealDirection
androidx.core.view.ViewCompat$FocusRelativeDirection
androidx.core.view.ViewCompat$NestedScrollType
androidx.core.view.ViewCompat$OnUnhandledKeyEventListenerCompat
androidx.core.view.ViewCompat$ScrollAxis
androidx.core.view.ViewCompat$ScrollIndicators
androidx.core.view.ViewCompat$UnhandledKeyEventManager
androidx.core.view.ViewCompat
androidx.core.view.ViewConfigurationCompat
androidx.core.view.ViewGroupCompat
androidx.core.view.ViewParentCompat
androidx.core.view.ViewPropertyAnimatorCompat$1
androidx.core.view.ViewPropertyAnimatorCompat$2
androidx.core.view.ViewPropertyAnimatorCompat$ViewPropertyAnimatorListenerApi14
androidx.core.view.ViewPropertyAnimatorCompat
androidx.core.view.ViewPropertyAnimatorListener
androidx.core.view.ViewPropertyAnimatorListenerAdapter
androidx.core.view.ViewPropertyAnimatorUpdateListener
androidx.core.view.WindowCompat
androidx.core.view.WindowInsetsCompat
androidx.core.view.accessibility.AccessibilityClickableSpanCompat
androidx.core.view.accessibility.AccessibilityEventCompat
androidx.core.view.accessibility.AccessibilityManagerCompat$AccessibilityStateChangeListener
androidx.core.view.accessibility.AccessibilityManagerCompat$AccessibilityStateChangeListenerCompat
androidx.core.view.accessibility.AccessibilityManagerCompat$AccessibilityStateChangeListenerWrapper
androidx.core.view.accessibility.AccessibilityManagerCompat$TouchExplorationStateChangeListener